INFO:root:Starting search
INFO:accelerate.utils.modeling:We will use 90% of the memory on device 0 for storing the model, and 10% for the buffer to avoid OOM. You can set `max_memory` in to a higher value to use more memory (at your own risk).
WARNING:accelerate.big_modeling:Some parameters are on the meta device because they were offloaded to the cpu.
INFO:root:Finishing encoding
INFO:root:Finishing dictionaries
INFO:root:Finishing triplets
INFO:root:Starting lowest value sentence with words {'mistletoe', 'family', 'scrooge', 'elf', 'fireplace', 'reindeer', 'gingerbread', 'advent', 'ornament', 'chimney'}
INFO:root:Finishing lowest value sentence
INFO:root:Starting search
INFO:accelerate.utils.modeling:We will use 90% of the memory on device 0 for storing the model, and 10% for the buffer to avoid OOM. You can set `max_memory` in to a higher value to use more memory (at your own risk).
WARNING:accelerate.big_modeling:Some parameters are on the meta device because they were offloaded to the cpu.
INFO:root:Finishing encoding
INFO:root:Finishing dictionaries
INFO:root:Finishing triplets
INFO:root:Starting lowest value sentence with words {'chimney', 'elf', 'fireplace', 'mistletoe', 'reindeer', 'family', 'gingerbread', 'scrooge', 'ornament', 'advent'}
INFO:root:Finishing lowest value sentence
INFO:root:Perplexities: [1380.8696350453124] ['reindeer scrooge mistletoe fireplace elf ornament family gingerbread']
INFO:root:Starting search
INFO:accelerate.utils.modeling:We will use 90% of the memory on device 0 for storing the model, and 10% for the buffer to avoid OOM. You can set `max_memory` in to a higher value to use more memory (at your own risk).
WARNING:accelerate.big_modeling:Some parameters are on the meta device because they were offloaded to the cpu.
INFO:root:Finishing encoding
INFO:root:Finishing dictionaries
INFO:root:Finishing triplets
INFO:root:Starting lowest value sentence with words {'scrooge', 'fireplace', 'reindeer', 'gingerbread', 'ornament', 'family', 'chimney', 'advent', 'mistletoe', 'elf'}
INFO:root:Finishing lowest value sentence
INFO:root:Perplexities: [2367.3613276063093] ['ornament advent scrooge mistletoe reindeer fireplace family gingerbread']
INFO:root:Starting search
INFO:accelerate.utils.modeling:We will use 90% of the memory on device 0 for storing the model, and 10% for the buffer to avoid OOM. You can set `max_memory` in to a higher value to use more memory (at your own risk).
WARNING:accelerate.big_modeling:Some parameters are on the meta device because they were offloaded to the cpu.
INFO:root:Finishing encoding
INFO:root:Finishing dictionaries
INFO:root:Finishing triplets
INFO:root:Starting lowest value sentence with words {'chimney', 'gingerbread', 'family', 'scrooge', 'reindeer', 'elf', 'mistletoe', 'advent', 'fireplace', 'ornament'}
INFO:root:Finishing lowest value sentence
INFO:root:Perplexities: [1228.1708773954715] ['ornament advent scrooge mistletoe family elf reindeer gingerbread chimney fireplace']
INFO:root:Starting search
INFO:accelerate.utils.modeling:We will use 90% of the memory on device 0 for storing the model, and 10% for the buffer to avoid OOM. You can set `max_memory` in to a higher value to use more memory (at your own risk).
WARNING:accelerate.big_modeling:Some parameters are on the meta device because they were offloaded to the cpu.
INFO:root:Finishing encoding
INFO:root:Finishing dictionaries
INFO:root:Finishing triplets
INFO:root:Starting lowest value sentence with words {'family', 'reindeer', 'mistletoe', 'chimney', 'ornament', 'elf', 'advent', 'gingerbread', 'fireplace', 'scrooge'}
INFO:root:Finishing lowest value sentence
INFO:root:Perplexities: [1375.486134528337] ['ornament advent scrooge mistletoe family elf gingerbread reindeer fireplace chimney']
INFO:root:Starting search
INFO:accelerate.utils.modeling:We will use 90% of the memory on device 0 for storing the model, and 10% for the buffer to avoid OOM. You can set `max_memory` in to a higher value to use more memory (at your own risk).
WARNING:accelerate.big_modeling:Some parameters are on the meta device because they were offloaded to the cpu.
INFO:root:Finishing encoding
INFO:root:Finishing dictionaries
INFO:root:Finishing triplets
INFO:root:Starting lowest value sentence with words {'scrooge', 'advent', 'family', 'mistletoe', 'ornament', 'reindeer', 'fireplace', 'chimney', 'gingerbread', 'elf'}
INFO:root:Finishing lowest value sentence
INFO:root:Perplexities: [1218.613175800609] ['ornament advent scrooge mistletoe family reindeer elf gingerbread chimney fireplace']
INFO:root:Starting search
INFO:accelerate.utils.modeling:We will use 90% of the memory on device 0 for storing the model, and 10% for the buffer to avoid OOM. You can set `max_memory` in to a higher value to use more memory (at your own risk).
WARNING:accelerate.big_modeling:Some parameters are on the meta device because they were offloaded to the cpu.
INFO:root:Finishing encoding
INFO:root:Finishing dictionaries
INFO:root:Finishing triplets
INFO:root:Starting lowest value sentence with words {'ornament', 'scrooge', 'elf', 'family', 'reindeer', 'fireplace', 'gingerbread', 'advent', 'mistletoe', 'chimney'}
INFO:root:Finishing lowest value sentence
INFO:root:Finishing encoding
INFO:root:Finishing dictionaries
INFO:root:Finishing triplets
INFO:root:Starting lowest value sentence with words {'jump', 'chimney', 'family', 'give', 'reindeer', 'fireplace', 'sleep', 'advent', 'mistletoe', 'and', 'the', 'drive', 'walk', 'gingerbread', 'night', 'laugh', 'bake', 'ornament', 'scrooge', 'elf'}
INFO:root:Finishing lowest value sentence
INFO:root:Finishing encoding
INFO:root:Finishing dictionaries
INFO:root:Finishing triplets
INFO:root:Starting lowest value sentence with words {'cheer', 'yuletide', 'holiday', 'grinch', 'chimney', 'stocking', 'beard', 'jingle', 'holly', 'workshop', 'gifts', 'nutcracker', 'ornament', 'magi', 'polar', 'sleigh', 'carol', 'decorations', 'naughty', 'nice'}
INFO:root:Finishing lowest value sentence
INFO:root:Finishing encoding
INFO:root:Finishing dictionaries
INFO:root:Finishing triplets
INFO:root:Starting lowest value sentence with words {'cheer', 'yuletide', 'holiday', 'grinch', 'chimney', 'stocking', 'beard', 'jingle', 'holly', 'sing', 'workshop', 'visit', 'eat', 'and', 'the', 'relax', 'gifts', 'is', 'of', 'nutcracker', 'ornament', 'magi', 'unwrap', 'polar', 'sleigh', 'carol', 'decorations', 'naughty', 'nice'}
INFO:root:Finishing lowest value sentence
INFO:root:Finishing encoding
INFO:root:Finishing dictionaries
INFO:root:Starting search
INFO:accelerate.utils.modeling:We will use 90% of the memory on device 0 for storing the model, and 10% for the buffer to avoid OOM. You can set `max_memory` in to a higher value to use more memory (at your own risk).
WARNING:accelerate.big_modeling:Some parameters are on the meta device because they were offloaded to the cpu.
INFO:root:Finishing encoding
INFO:root:Finishing dictionaries
INFO:root:Finishing triplets
INFO:root:Finishing lowest value sentence
INFO:root:Finishing encoding
INFO:root:Finishing dictionaries
INFO:root:Finishing triplets
INFO:root:Finishing lowest value sentence
INFO:root:Finishing encoding
INFO:root:Finishing dictionaries
INFO:root:Finishing triplets
INFO:root:Finishing lowest value sentence
INFO:root:Finishing encoding
INFO:root:Finishing dictionaries
INFO:root:Finishing triplets
INFO:root:Finishing lowest value sentence
INFO:root:Finishing encoding
INFO:root:Finishing dictionaries
INFO:root:Finishing triplets
INFO:root:Finishing lowest value sentence
INFO:root:Finishing encoding
INFO:root:Finishing dictionaries
INFO:root:Finishing triplets
INFO:root:Finishing lowest value sentence
INFO:root:Perplexities: [1083.8569951461084, 1815.118892385283, 688.941423011762, 867.5082310343188, 479.0835461252901, 224.54193890439277] ['ornament scrooge mistletoe reindeer elf family advent gingerbread chimney fireplace', 'reindeer scrooge mistletoe and the night elf family ornament gingerbread bake advent walk jump drive give laugh sleep chimney fireplace', 'nutcracker yuletide cheer grinch holiday decorations ornament gifts stocking carol holly jingle sleigh polar beard nice naughty chimney workshop magi', 'sleigh yuletide cheer unwrap the nutcracker grinch holiday decorations ornament gifts and of is nice carol sing jingle beard holly stocking chimney visit naughty polar magi workshop relax eat', 'puzzle game poinsettia eggnog fruitcake snowglobe hohoho merry and you have to it star night of joy peace hope that the season greeting card from kaggle in as we wish not with candy peppermint chocolate milk cookie candle wreath bow toy doll paper angel dream believe wonder workshop fireplace wrapping', 'reindeer yuletide eggnog scrooge grinch poinsettia mistletoe hohoho merry unwrap it is the nutcracker snowglobe ornament decorations holiday season greeting card game and you have to sing carol of fruitcake cookie puzzle toy gifts wrapping paper star night in that we hope not nice dream with joy peace family visit kaggle workshop from holly wreath candle advent angel doll candy peppermint chocolate milk gingerbread elf wish as jingle sleigh drive walk jump eat sleep naughty polar beard stocking chimney fireplace cheer relax laugh give bow wonder believe magi bake']
INFO:root:Starting search
INFO:accelerate.utils.modeling:We will use 90% of the memory on device 0 for storing the model, and 10% for the buffer to avoid OOM. You can set `max_memory` in to a higher value to use more memory (at your own risk).
WARNING:accelerate.big_modeling:Some parameters are on the meta device because they were offloaded to the cpu.
INFO:root:Starting search
INFO:accelerate.utils.modeling:We will use 90% of the memory on device 0 for storing the model, and 10% for the buffer to avoid OOM. You can set `max_memory` in to a higher value to use more memory (at your own risk).
WARNING:accelerate.big_modeling:Some parameters are on the meta device because they were offloaded to the cpu.
INFO:root:Starting search
INFO:accelerate.utils.modeling:We will use 90% of the memory on device 0 for storing the model, and 10% for the buffer to avoid OOM. You can set `max_memory` in to a higher value to use more memory (at your own risk).
WARNING:accelerate.big_modeling:Some parameters are on the meta device because they were offloaded to the cpu.
INFO:root:Starting search
INFO:accelerate.utils.modeling:We will use 90% of the memory on device 0 for storing the model, and 10% for the buffer to avoid OOM. You can set `max_memory` in to a higher value to use more memory (at your own risk).
WARNING:accelerate.big_modeling:Some parameters are on the meta device because they were offloaded to the cpu.
INFO:root:Perplexities: [3857.64626282737, 2138.7327292220375, 482.8410449475606, 615.1554499417665, 218.48530319325408, 53.43765380953904] ['advent chimney elf family fireplace gingerbread mistletoe ornament reindeer scrooge', 'advent and bake chimney drive elf family fireplace gingerbread give jump laugh mistletoe night ornament reindeer scrooge sleep the walk', 'beard carol cheer chimney decorations gifts grinch holiday holly jingle magi naughty nice nutcracker ornament polar sleigh stocking workshop yuletide', 'and beard carol cheer cheer chimney decorations eat gifts grinch holiday holly is jingle magi naughty nice nutcracker of ornament polar relax sing sleigh stocking the unwrap visit workshop yuletide', 'and angel as believe bow candle candy card chocolate cookie doll dream eggnog fireplace from fruitcake game greeting have hohoho hope in it joy kaggle merry milk night not of paper peace peppermint poinsettia puzzle season snowglobe star that the to toy we wish with wonder workshop wrapping wreath you', 'advent and and and angel as bake beard believe bow candle candy card carol cheer cheer chimney chimney chocolate cookie decorations doll dream drive eat eggnog elf family fireplace fireplace from fruitcake game gifts gingerbread give greeting grinch have hohoho holiday holly hope in is it jingle joy jump kaggle laugh magi merry milk mistletoe naughty nice night night not nutcracker of of ornament ornament paper peace peppermint poinsettia polar puzzle reindeer relax scrooge season sing sleep sleigh snowglobe star stocking that the the the to toy unwrap visit walk we wish with wonder workshop workshop wrapping wreath you yuletide']
INFO:root:Starting search
INFO:accelerate.utils.modeling:We will use 90% of the memory on device 0 for storing the model, and 10% for the buffer to avoid OOM. You can set `max_memory` in to a higher value to use more memory (at your own risk).
WARNING:accelerate.big_modeling:Some parameters are on the meta device because they were offloaded to the cpu.
INFO:root:Finishing encoding
INFO:root:Finishing dictionaries
INFO:root:Finishing triplets
INFO:root:Finishing lowest value sentence
INFO:root:Perplexities: [3325.498943407423] ['ornament fireplace advent reindeer chimney gingerbread elf family mistletoe scrooge']
INFO:root:Starting search
INFO:accelerate.utils.modeling:We will use 90% of the memory on device 0 for storing the model, and 10% for the buffer to avoid OOM. You can set `max_memory` in to a higher value to use more memory (at your own risk).
WARNING:accelerate.big_modeling:Some parameters are on the meta device because they were offloaded to the cpu.
INFO:root:Finishing encoding
INFO:root:Finishing dictionaries
INFO:root:Finishing triplets
INFO:root:Finishing lowest value sentence
INFO:root:Perplexities: [2789.433339318374] ['gingerbread advent fireplace reindeer chimney elf ornament family mistletoe scrooge']
INFO:root:Starting search
INFO:accelerate.utils.modeling:We will use 90% of the memory on device 0 for storing the model, and 10% for the buffer to avoid OOM. You can set `max_memory` in to a higher value to use more memory (at your own risk).
WARNING:accelerate.big_modeling:Some parameters are on the meta device because they were offloaded to the cpu.
INFO:root:Finishing encoding
INFO:root:Finishing dictionaries
INFO:root:Finishing triplets
INFO:root:Finishing lowest value sentence
INFO:root:Perplexities: [2789.433339318374] ['gingerbread advent fireplace reindeer chimney elf ornament family mistletoe scrooge']
INFO:root:Starting search
INFO:accelerate.utils.modeling:We will use 90% of the memory on device 0 for storing the model, and 10% for the buffer to avoid OOM. You can set `max_memory` in to a higher value to use more memory (at your own risk).
WARNING:accelerate.big_modeling:Some parameters are on the meta device because they were offloaded to the cpu.
INFO:root:Finishing encoding
INFO:root:Finishing dictionaries
INFO:root:Finishing triplets
INFO:root:Finishing lowest value sentence
INFO:root:Perplexities: [3027.9012447308146] ['gingerbread fireplace reindeer chimney advent elf ornament family mistletoe scrooge']
INFO:root:Starting search
INFO:accelerate.utils.modeling:We will use 90% of the memory on device 0 for storing the model, and 10% for the buffer to avoid OOM. You can set `max_memory` in to a higher value to use more memory (at your own risk).
WARNING:accelerate.big_modeling:Some parameters are on the meta device because they were offloaded to the cpu.
INFO:root:Finishing encoding
INFO:root:Finishing dictionaries
INFO:root:Finishing triplets
INFO:root:Finishing lowest value sentence
INFO:root:Perplexities: [1071.2296786745287] ['reindeer scrooge mistletoe family advent ornament elf gingerbread chimney fireplace']
INFO:root:Starting search
INFO:accelerate.utils.modeling:We will use 90% of the memory on device 0 for storing the model, and 10% for the buffer to avoid OOM. You can set `max_memory` in to a higher value to use more memory (at your own risk).
WARNING:accelerate.big_modeling:Some parameters are on the meta device because they were offloaded to the cpu.
INFO:root:Finishing encoding
INFO:root:Finishing dictionaries
INFO:root:Starting search
INFO:accelerate.utils.modeling:We will use 90% of the memory on device 0 for storing the model, and 10% for the buffer to avoid OOM. You can set `max_memory` in to a higher value to use more memory (at your own risk).
WARNING:accelerate.big_modeling:Some parameters are on the meta device because they were offloaded to the cpu.
INFO:root:Finishing encoding
INFO:root:Finishing dictionaries
INFO:root:Finishing triplets
INFO:root:Finishing lowest value sentence
INFO:root:Finishing encoding
INFO:root:Finishing dictionaries
INFO:root:Finishing triplets
INFO:root:Finishing lowest value sentence
INFO:root:Perplexities: [1071.2296786745287, 1836.514939511285] ['reindeer scrooge mistletoe family advent ornament elf gingerbread chimney fireplace', 'reindeer scrooge mistletoe night elf the family and advent walk gingerbread bake ornament drive chimney fireplace jump sleep laugh give']
INFO:root:Starting search
INFO:accelerate.utils.modeling:We will use 90% of the memory on device 0 for storing the model, and 10% for the buffer to avoid OOM. You can set `max_memory` in to a higher value to use more memory (at your own risk).
WARNING:accelerate.big_modeling:Some parameters are on the meta device because they were offloaded to the cpu.
INFO:root:Starting search
INFO:accelerate.utils.modeling:We will use 90% of the memory on device 0 for storing the model, and 10% for the buffer to avoid OOM. You can set `max_memory` in to a higher value to use more memory (at your own risk).
WARNING:accelerate.big_modeling:Some parameters are on the meta device because they were offloaded to the cpu.
INFO:root:Starting search
INFO:root:Starting search
INFO:accelerate.utils.modeling:We will use 90% of the memory on device 0 for storing the model, and 10% for the buffer to avoid OOM. You can set `max_memory` in to a higher value to use more memory (at your own risk).
WARNING:accelerate.big_modeling:Some parameters are on the meta device because they were offloaded to the cpu.
INFO:root:Starting search
INFO:accelerate.utils.modeling:We will use 90% of the memory on device 0 for storing the model, and 10% for the buffer to avoid OOM. You can set `max_memory` in to a higher value to use more memory (at your own risk).
WARNING:accelerate.big_modeling:Some parameters are on the meta device because they were offloaded to the cpu.
INFO:root:Starting search
INFO:accelerate.utils.modeling:We will use 90% of the memory on device 0 for storing the model, and 10% for the buffer to avoid OOM. You can set `max_memory` in to a higher value to use more memory (at your own risk).
WARNING:accelerate.big_modeling:Some parameters are on the meta device because they were offloaded to the cpu.
INFO:root:Starting search
INFO:accelerate.utils.modeling:We will use 90% of the memory on device 0 for storing the model, and 10% for the buffer to avoid OOM. You can set `max_memory` in to a higher value to use more memory (at your own risk).
WARNING:accelerate.big_modeling:Some parameters are on the meta device because they were offloaded to the cpu.
INFO:root:Starting search
INFO:accelerate.utils.modeling:We will use 90% of the memory on device 0 for storing the model, and 10% for the buffer to avoid OOM. You can set `max_memory` in to a higher value to use more memory (at your own risk).
WARNING:accelerate.big_modeling:Some parameters are on the meta device because they were offloaded to the cpu.
INFO:root:Starting search
INFO:accelerate.utils.modeling:We will use 90% of the memory on device 0 for storing the model, and 10% for the buffer to avoid OOM. You can set `max_memory` in to a higher value to use more memory (at your own risk).
WARNING:accelerate.big_modeling:Some parameters are on the meta device because they were offloaded to the cpu.
INFO:root:Starting search
INFO:accelerate.utils.modeling:We will use 90% of the memory on device 0 for storing the model, and 10% for the buffer to avoid OOM. You can set `max_memory` in to a higher value to use more memory (at your own risk).
WARNING:accelerate.big_modeling:Some parameters are on the meta device because they were offloaded to the cpu.
INFO:root:Starting search
INFO:accelerate.utils.modeling:We will use 90% of the memory on device 0 for storing the model, and 10% for the buffer to avoid OOM. You can set `max_memory` in to a higher value to use more memory (at your own risk).
WARNING:accelerate.big_modeling:Some parameters are on the meta device because they were offloaded to the cpu.
INFO:root:Starting search
INFO:accelerate.utils.modeling:We will use 90% of the memory on device 0 for storing the model, and 10% for the buffer to avoid OOM. You can set `max_memory` in to a higher value to use more memory (at your own risk).
WARNING:accelerate.big_modeling:Some parameters are on the meta device because they were offloaded to the cpu.
INFO:root:Perplexities: [12747.94039639077] None
INFO:root:Starting search
INFO:accelerate.utils.modeling:We will use 90% of the memory on device 0 for storing the model, and 10% for the buffer to avoid OOM. You can set `max_memory` in to a higher value to use more memory (at your own risk).
WARNING:accelerate.big_modeling:Some parameters are on the meta device because they were offloaded to the cpu.
INFO:root:Perplexities: [12747.94039639077] None
INFO:root:Starting search
INFO:accelerate.utils.modeling:We will use 90% of the memory on device 0 for storing the model, and 10% for the buffer to avoid OOM. You can set `max_memory` in to a higher value to use more memory (at your own risk).
WARNING:accelerate.big_modeling:Some parameters are on the meta device because they were offloaded to the cpu.
INFO:root:Perplexities: [12747.94039639077] None
INFO:root:Starting search
INFO:accelerate.utils.modeling:We will use 90% of the memory on device 0 for storing the model, and 10% for the buffer to avoid OOM. You can set `max_memory` in to a higher value to use more memory (at your own risk).
WARNING:accelerate.big_modeling:Some parameters are on the meta device because they were offloaded to the cpu.
INFO:root:Perplexities: [12747.94039639077] None
INFO:root:Starting search
INFO:accelerate.utils.modeling:We will use 90% of the memory on device 0 for storing the model, and 10% for the buffer to avoid OOM. You can set `max_memory` in to a higher value to use more memory (at your own risk).
WARNING:accelerate.big_modeling:Some parameters are on the meta device because they were offloaded to the cpu.
INFO:root:Perplexities: [12747.94039639077] None
INFO:root:Starting search
INFO:accelerate.utils.modeling:We will use 90% of the memory on device 0 for storing the model, and 10% for the buffer to avoid OOM. You can set `max_memory` in to a higher value to use more memory (at your own risk).
WARNING:accelerate.big_modeling:Some parameters are on the meta device because they were offloaded to the cpu.
INFO:root:Perplexities: [12747.94039639077] None
INFO:root:Starting search
INFO:accelerate.utils.modeling:We will use 90% of the memory on device 0 for storing the model, and 10% for the buffer to avoid OOM. You can set `max_memory` in to a higher value to use more memory (at your own risk).
WARNING:accelerate.big_modeling:Some parameters are on the meta device because they were offloaded to the cpu.
INFO:root:Perplexities: [3797.839000980775] None
INFO:root:Starting search
INFO:accelerate.utils.modeling:We will use 90% of the memory on device 0 for storing the model, and 10% for the buffer to avoid OOM. You can set `max_memory` in to a higher value to use more memory (at your own risk).
WARNING:accelerate.big_modeling:Some parameters are on the meta device because they were offloaded to the cpu.
INFO:root:Perplexities: [6068.929443212337] None
INFO:root:Starting search
INFO:accelerate.utils.modeling:We will use 90% of the memory on device 0 for storing the model, and 10% for the buffer to avoid OOM. You can set `max_memory` in to a higher value to use more memory (at your own risk).
WARNING:accelerate.big_modeling:Some parameters are on the meta device because they were offloaded to the cpu.
INFO:root:Perplexities: [6068.929443212337] None
INFO:root:Starting search
INFO:accelerate.utils.modeling:We will use 90% of the memory on device 0 for storing the model, and 10% for the buffer to avoid OOM. You can set `max_memory` in to a higher value to use more memory (at your own risk).
WARNING:accelerate.big_modeling:Some parameters are on the meta device because they were offloaded to the cpu.
INFO:root:Perplexities: [6068.929443212337] None
INFO:root:Starting search
INFO:accelerate.utils.modeling:We will use 90% of the memory on device 0 for storing the model, and 10% for the buffer to avoid OOM. You can set `max_memory` in to a higher value to use more memory (at your own risk).
WARNING:accelerate.big_modeling:Some parameters are on the meta device because they were offloaded to the cpu.
INFO:root:Perplexities: [56246.55085200208] []
INFO:root:Starting search
INFO:accelerate.utils.modeling:We will use 90% of the memory on device 0 for storing the model, and 10% for the buffer to avoid OOM. You can set `max_memory` in to a higher value to use more memory (at your own risk).
WARNING:accelerate.big_modeling:Some parameters are on the meta device because they were offloaded to the cpu.
INFO:root:Perplexities: [6068.929443212337] []
INFO:root:Starting search
INFO:accelerate.utils.modeling:We will use 90% of the memory on device 0 for storing the model, and 10% for the buffer to avoid OOM. You can set `max_memory` in to a higher value to use more memory (at your own risk).
WARNING:accelerate.big_modeling:Some parameters are on the meta device because they were offloaded to the cpu.
INFO:root:Perplexities: [2934.742517105396] []
INFO:root:Starting search
INFO:accelerate.utils.modeling:We will use 90% of the memory on device 0 for storing the model, and 10% for the buffer to avoid OOM. You can set `max_memory` in to a higher value to use more memory (at your own risk).
WARNING:accelerate.big_modeling:Some parameters are on the meta device because they were offloaded to the cpu.
INFO:root:Perplexities: [2934.742517105396] []
INFO:root:Starting search
INFO:accelerate.utils.modeling:We will use 90% of the memory on device 0 for storing the model, and 10% for the buffer to avoid OOM. You can set `max_memory` in to a higher value to use more memory (at your own risk).
WARNING:accelerate.big_modeling:Some parameters are on the meta device because they were offloaded to the cpu.
INFO:root:Perplexities: [2934.742517105396] []
INFO:root:Starting search
INFO:accelerate.utils.modeling:We will use 90% of the memory on device 0 for storing the model, and 10% for the buffer to avoid OOM. You can set `max_memory` in to a higher value to use more memory (at your own risk).
WARNING:accelerate.big_modeling:Some parameters are on the meta device because they were offloaded to the cpu.
INFO:root:Perplexities: [6068.929443212337] []
INFO:root:Starting search
INFO:accelerate.utils.modeling:We will use 90% of the memory on device 0 for storing the model, and 10% for the buffer to avoid OOM. You can set `max_memory` in to a higher value to use more memory (at your own risk).
WARNING:accelerate.big_modeling:Some parameters are on the meta device because they were offloaded to the cpu.
INFO:root:Perplexities: [6116.528646774525] []
INFO:root:Starting search
INFO:accelerate.utils.modeling:We will use 90% of the memory on device 0 for storing the model, and 10% for the buffer to avoid OOM. You can set `max_memory` in to a higher value to use more memory (at your own risk).
WARNING:accelerate.big_modeling:Some parameters are on the meta device because they were offloaded to the cpu.
INFO:root:Perplexities: [6116.528646774525] None
INFO:root:Starting search
INFO:accelerate.utils.modeling:We will use 90% of the memory on device 0 for storing the model, and 10% for the buffer to avoid OOM. You can set `max_memory` in to a higher value to use more memory (at your own risk).
WARNING:accelerate.big_modeling:Some parameters are on the meta device because they were offloaded to the cpu.
INFO:root:Perplexities: [6116.528646774525] None
INFO:root:Starting search
INFO:accelerate.utils.modeling:We will use 90% of the memory on device 0 for storing the model, and 10% for the buffer to avoid OOM. You can set `max_memory` in to a higher value to use more memory (at your own risk).
WARNING:accelerate.big_modeling:Some parameters are on the meta device because they were offloaded to the cpu.
INFO:root:Perplexities: [4371.285895201858] []
INFO:root:Starting search
INFO:accelerate.utils.modeling:We will use 90% of the memory on device 0 for storing the model, and 10% for the buffer to avoid OOM. You can set `max_memory` in to a higher value to use more memory (at your own risk).
WARNING:accelerate.big_modeling:Some parameters are on the meta device because they were offloaded to the cpu.
INFO:root:Finishing encoding
INFO:root:Finishing dictionaries
INFO:root:Starting search
INFO:accelerate.utils.modeling:We will use 90% of the memory on device 0 for storing the model, and 10% for the buffer to avoid OOM. You can set `max_memory` in to a higher value to use more memory (at your own risk).
WARNING:accelerate.big_modeling:Some parameters are on the meta device because they were offloaded to the cpu.
INFO:root:Finishing encoding
INFO:root:Finishing dictionaries
INFO:root:Starting search
INFO:accelerate.utils.modeling:We will use 90% of the memory on device 0 for storing the model, and 10% for the buffer to avoid OOM. You can set `max_memory` in to a higher value to use more memory (at your own risk).
WARNING:accelerate.big_modeling:Some parameters are on the meta device because they were offloaded to the cpu.
INFO:root:Finishing encoding
INFO:root:Finishing dictionaries
INFO:root:Finishing triplets
INFO:root:Finishing lowest value sentence
INFO:root:Perplexities: [2089.1890389111236] ['reindeer scrooge mistletoe family advent ornament elf gingerbread chimney fireplace']
INFO:root:Starting search
INFO:accelerate.utils.modeling:We will use 90% of the memory on device 0 for storing the model, and 10% for the buffer to avoid OOM. You can set `max_memory` in to a higher value to use more memory (at your own risk).
WARNING:accelerate.big_modeling:Some parameters are on the meta device because they were offloaded to the cpu.
INFO:root:Finishing encoding
INFO:root:Finishing dictionaries
INFO:root:Finishing triplets
INFO:root:Finishing lowest value sentence
INFO:root:Perplexities: [1493.07607396205] ['reindeer scrooge mistletoe ornament elf family fireplace chimney advent gingerbread']
INFO:root:Starting search
INFO:accelerate.utils.modeling:We will use 90% of the memory on device 0 for storing the model, and 10% for the buffer to avoid OOM. You can set `max_memory` in to a higher value to use more memory (at your own risk).
WARNING:accelerate.big_modeling:Some parameters are on the meta device because they were offloaded to the cpu.
INFO:root:Finishing encoding
INFO:root:Finishing dictionaries
INFO:root:Finishing triplets
INFO:root:Finishing lowest value sentence
INFO:root:Perplexities: [1430.2792730137226] ['reindeer scrooge mistletoe family ornament fireplace chimney elf advent gingerbread']
INFO:root:Starting search
INFO:accelerate.utils.modeling:We will use 90% of the memory on device 0 for storing the model, and 10% for the buffer to avoid OOM. You can set `max_memory` in to a higher value to use more memory (at your own risk).
WARNING:accelerate.big_modeling:Some parameters are on the meta device because they were offloaded to the cpu.
INFO:root:Finishing encoding
INFO:root:Finishing dictionaries
INFO:root:Finishing triplets
INFO:root:Finishing lowest value sentence
INFO:root:Perplexities: [1083.8569951461084] ['ornament scrooge mistletoe reindeer elf family advent gingerbread chimney fireplace']
INFO:root:Starting search
INFO:accelerate.utils.modeling:We will use 90% of the memory on device 0 for storing the model, and 10% for the buffer to avoid OOM. You can set `max_memory` in to a higher value to use more memory (at your own risk).
WARNING:accelerate.big_modeling:Some parameters are on the meta device because they were offloaded to the cpu.
INFO:root:Finishing encoding
INFO:root:Finishing dictionaries
INFO:root:Finishing triplets
INFO:root:Finishing lowest value sentence
INFO:root:Perplexities: [1430.2792730137226] ['reindeer scrooge mistletoe family ornament fireplace chimney elf advent gingerbread']
INFO:root:Starting search
INFO:accelerate.utils.modeling:We will use 90% of the memory on device 0 for storing the model, and 10% for the buffer to avoid OOM. You can set `max_memory` in to a higher value to use more memory (at your own risk).
WARNING:accelerate.big_modeling:Some parameters are on the meta device because they were offloaded to the cpu.
INFO:root:Finishing encoding
INFO:root:Finishing dictionaries
INFO:root:Finishing triplets
INFO:root:Finishing lowest value sentence
INFO:root:Perplexities: [1430.2792730137226] ['reindeer scrooge mistletoe family ornament fireplace chimney elf advent gingerbread']
INFO:root:Starting search
INFO:accelerate.utils.modeling:We will use 90% of the memory on device 0 for storing the model, and 10% for the buffer to avoid OOM. You can set `max_memory` in to a higher value to use more memory (at your own risk).
WARNING:accelerate.big_modeling:Some parameters are on the meta device because they were offloaded to the cpu.
INFO:root:Finishing encoding
INFO:root:Finishing dictionaries
INFO:root:Finishing triplets
INFO:root:Finishing lowest value sentence
INFO:root:Perplexities: [1430.2792730137226] ['reindeer scrooge mistletoe family ornament fireplace chimney elf advent gingerbread']
INFO:root:Starting search
INFO:accelerate.utils.modeling:We will use 90% of the memory on device 0 for storing the model, and 10% for the buffer to avoid OOM. You can set `max_memory` in to a higher value to use more memory (at your own risk).
WARNING:accelerate.big_modeling:Some parameters are on the meta device because they were offloaded to the cpu.
INFO:root:Finishing encoding
INFO:root:Finishing dictionaries
INFO:root:Finishing triplets
INFO:root:Finishing lowest value sentence
INFO:root:Perplexities: [1430.2792730137226] ['reindeer scrooge mistletoe family ornament fireplace chimney elf advent gingerbread']
INFO:root:Starting search
INFO:accelerate.utils.modeling:We will use 90% of the memory on device 0 for storing the model, and 10% for the buffer to avoid OOM. You can set `max_memory` in to a higher value to use more memory (at your own risk).
WARNING:accelerate.big_modeling:Some parameters are on the meta device because they were offloaded to the cpu.
INFO:root:Finishing encoding
INFO:root:Finishing dictionaries
INFO:root:Finishing triplets
INFO:root:Finishing lowest value sentence
INFO:root:Perplexities: [1430.2792730137226] ['reindeer scrooge mistletoe family ornament fireplace chimney elf advent gingerbread']
INFO:root:Starting search
INFO:accelerate.utils.modeling:We will use 90% of the memory on device 0 for storing the model, and 10% for the buffer to avoid OOM. You can set `max_memory` in to a higher value to use more memory (at your own risk).
WARNING:accelerate.big_modeling:Some parameters are on the meta device because they were offloaded to the cpu.
INFO:root:Finishing encoding
INFO:root:Finishing dictionaries
INFO:root:Finishing triplets
INFO:root:Finishing lowest value sentence
INFO:root:Starting search
INFO:accelerate.utils.modeling:We will use 90% of the memory on device 0 for storing the model, and 10% for the buffer to avoid OOM. You can set `max_memory` in to a higher value to use more memory (at your own risk).
WARNING:accelerate.big_modeling:Some parameters are on the meta device because they were offloaded to the cpu.
INFO:root:Finishing encoding
INFO:root:Finishing dictionaries
INFO:root:Finishing triplets
INFO:root:Finishing lowest value sentence
INFO:root:Starting search
INFO:accelerate.utils.modeling:We will use 90% of the memory on device 0 for storing the model, and 10% for the buffer to avoid OOM. You can set `max_memory` in to a higher value to use more memory (at your own risk).
WARNING:accelerate.big_modeling:Some parameters are on the meta device because they were offloaded to the cpu.
INFO:root:Finishing encoding
INFO:root:Finishing dictionaries
INFO:root:Finishing triplets
INFO:root:Finishing lowest value sentence
INFO:root:Perplexities: [28.996858600549206] ['reindeer scrooge chimney scrooge elf scrooge ornament scrooge advent scrooge family scrooge gingerbread scrooge mistletoe scrooge fireplace']
INFO:root:Starting search
INFO:accelerate.utils.modeling:We will use 90% of the memory on device 0 for storing the model, and 10% for the buffer to avoid OOM. You can set `max_memory` in to a higher value to use more memory (at your own risk).
WARNING:accelerate.big_modeling:Some parameters are on the meta device because they were offloaded to the cpu.
INFO:root:Finishing encoding
INFO:root:Finishing dictionaries
INFO:root:Finishing triplets
INFO:root:Finishing lowest value sentence
INFO:root:Perplexities: [1808.0424144560632] ['reindeer ornament fireplace chimney mistletoe advent scrooge gingerbread elf family']
INFO:root:Starting search
INFO:accelerate.utils.modeling:We will use 90% of the memory on device 0 for storing the model, and 10% for the buffer to avoid OOM. You can set `max_memory` in to a higher value to use more memory (at your own risk).
WARNING:accelerate.big_modeling:Some parameters are on the meta device because they were offloaded to the cpu.
INFO:root:Finishing encoding
INFO:root:Finishing dictionaries
INFO:root:Finishing triplets
INFO:root:Finishing lowest value sentence
INFO:root:Perplexities: [1725.2461242290015] ['reindeer ornament gingerbread family scrooge fireplace chimney elf mistletoe advent']
INFO:root:Starting search
INFO:accelerate.utils.modeling:We will use 90% of the memory on device 0 for storing the model, and 10% for the buffer to avoid OOM. You can set `max_memory` in to a higher value to use more memory (at your own risk).
WARNING:accelerate.big_modeling:Some parameters are on the meta device because they were offloaded to the cpu.
INFO:root:Finishing encoding
INFO:root:Finishing dictionaries
INFO:root:Finishing triplets
INFO:root:Finishing lowest value sentence
INFO:root:Perplexities: [837.5397707211768] ['reindeer elf scrooge chimney mistletoe gingerbread ornament family advent fireplace']
INFO:root:Starting search
INFO:accelerate.utils.modeling:We will use 90% of the memory on device 0 for storing the model, and 10% for the buffer to avoid OOM. You can set `max_memory` in to a higher value to use more memory (at your own risk).
WARNING:accelerate.big_modeling:Some parameters are on the meta device because they were offloaded to the cpu.
INFO:root:Finishing encoding
INFO:root:Finishing dictionaries
INFO:root:Finishing triplets
INFO:root:Finishing lowest value sentence
INFO:root:Perplexities: [45.263456176258764] ['                                                                                                                                                                                                                                                               ']
INFO:root:Starting search
INFO:accelerate.utils.modeling:We will use 90% of the memory on device 0 for storing the model, and 10% for the buffer to avoid OOM. You can set `max_memory` in to a higher value to use more memory (at your own risk).
WARNING:accelerate.big_modeling:Some parameters are on the meta device because they were offloaded to the cpu.
INFO:root:Finishing encoding
INFO:root:Finishing dictionaries
INFO:root:Finishing triplets
INFO:root:Starting search
INFO:accelerate.utils.modeling:We will use 90% of the memory on device 0 for storing the model, and 10% for the buffer to avoid OOM. You can set `max_memory` in to a higher value to use more memory (at your own risk).
WARNING:accelerate.big_modeling:Some parameters are on the meta device because they were offloaded to the cpu.
INFO:root:Finishing encoding
INFO:root:Finishing dictionaries
INFO:root:Finishing triplets
INFO:root:Finishing lowest value sentence
INFO:root:Perplexities: [824.5549201253252] [['reindeer elf scrooge chimney mistletoe gingerbread ornament family advent fireplace']]
INFO:root:Starting search
INFO:accelerate.utils.modeling:We will use 90% of the memory on device 0 for storing the model, and 10% for the buffer to avoid OOM. You can set `max_memory` in to a higher value to use more memory (at your own risk).
WARNING:accelerate.big_modeling:Some parameters are on the meta device because they were offloaded to the cpu.
INFO:root:Finishing encoding
INFO:root:Finishing dictionaries
INFO:root:Finishing triplets
INFO:root:Finishing lowest value sentence
INFO:root:Perplexities: [837.5397707211768] ['reindeer elf scrooge chimney mistletoe gingerbread ornament family advent fireplace']
INFO:root:Starting search
INFO:accelerate.utils.modeling:We will use 90% of the memory on device 0 for storing the model, and 10% for the buffer to avoid OOM. You can set `max_memory` in to a higher value to use more memory (at your own risk).
WARNING:accelerate.big_modeling:Some parameters are on the meta device because they were offloaded to the cpu.
INFO:root:Finishing encoding
INFO:root:Finishing dictionaries
INFO:root:Finishing triplets
INFO:root:Finishing lowest value sentence
INFO:root:Perplexities: [1725.2461242290015] ['reindeer ornament gingerbread family scrooge fireplace chimney elf mistletoe advent']
INFO:root:Starting search
INFO:accelerate.utils.modeling:We will use 90% of the memory on device 0 for storing the model, and 10% for the buffer to avoid OOM. You can set `max_memory` in to a higher value to use more memory (at your own risk).
INFO:root:Starting search
INFO:accelerate.utils.modeling:We will use 90% of the memory on device 0 for storing the model, and 10% for the buffer to avoid OOM. You can set `max_memory` in to a higher value to use more memory (at your own risk).
WARNING:accelerate.big_modeling:Some parameters are on the meta device because they were offloaded to the cpu.
INFO:root:Finishing encoding
INFO:root:Finishing dictionaries
INFO:root:Finishing triplets
INFO:root:Finishing lowest value sentence
INFO:root:Perplexities: [1504.7864147467562] ['reindeer advent mistletoe elf ornament scrooge gingerbread family fireplace chimney']
INFO:root:Starting search
INFO:accelerate.utils.modeling:We will use 90% of the memory on device 0 for storing the model, and 10% for the buffer to avoid OOM. You can set `max_memory` in to a higher value to use more memory (at your own risk).
WARNING:accelerate.big_modeling:Some parameters are on the meta device because they were offloaded to the cpu.
INFO:root:Finishing encoding
INFO:root:Finishing dictionaries
INFO:root:Finishing triplets
INFO:root:Finishing lowest value sentence
INFO:root:Perplexities: [837.5397707211768] ['reindeer elf scrooge chimney mistletoe gingerbread ornament family advent fireplace']
INFO:root:Starting search
INFO:accelerate.utils.modeling:We will use 90% of the memory on device 0 for storing the model, and 10% for the buffer to avoid OOM. You can set `max_memory` in to a higher value to use more memory (at your own risk).
WARNING:accelerate.big_modeling:Some parameters are on the meta device because they were offloaded to the cpu.
INFO:root:Finishing encoding
INFO:root:Finishing dictionaries
INFO:root:Finishing triplets
INFO:root:Finishing lowest value sentence
INFO:root:Perplexities: [1711.8201523739758] ['reindeer ornament family elf mistletoe gingerbread advent fireplace scrooge chimney']
INFO:root:Starting search
INFO:accelerate.utils.modeling:We will use 90% of the memory on device 0 for storing the model, and 10% for the buffer to avoid OOM. You can set `max_memory` in to a higher value to use more memory (at your own risk).
WARNING:accelerate.big_modeling:Some parameters are on the meta device because they were offloaded to the cpu.
INFO:root:Finishing encoding
INFO:root:Finishing dictionaries
INFO:root:Starting search
INFO:accelerate.utils.modeling:We will use 90% of the memory on device 0 for storing the model, and 10% for the buffer to avoid OOM. You can set `max_memory` in to a higher value to use more memory (at your own risk).
WARNING:accelerate.big_modeling:Some parameters are on the meta device because they were offloaded to the cpu.
INFO:root:Finishing encoding
INFO:root:Finishing dictionaries
INFO:root:Finishing triplets
INFO:root:Finishing lowest value sentence
INFO:root:Perplexities: [1338.384742765137] ['reindeer elf advent night sleep mistletoe jump drive scrooge walk the chimney fireplace ornament bake gingerbread family give and laugh']
INFO:root:Starting search
INFO:accelerate.utils.modeling:We will use 90% of the memory on device 0 for storing the model, and 10% for the buffer to avoid OOM. You can set `max_memory` in to a higher value to use more memory (at your own risk).
WARNING:accelerate.big_modeling:Some parameters are on the meta device because they were offloaded to the cpu.
INFO:root:Finishing encoding
INFO:root:Finishing dictionaries
INFO:root:Finishing triplets
INFO:root:Finishing lowest value sentence
INFO:root:Perplexities: [837.5397707211768] ['reindeer elf scrooge chimney mistletoe gingerbread ornament family advent fireplace']
